<!DOCTYPE html PUBLIC "-//W3C//DTD XHTML 1.1//EN" "https://www.w3.org/TR/xhtml11/DTD/xhtml11.dtd">
<html xmlns="https://www.w3.org/1999/xhtml">
<head>
<meta http-equiv="content-type" content="text/html; charset=UTF-8"/>
<title>TestNG Report</title>
<style type="text/css">table {margin-bottom:10px;border-collapse:collapse;empty-cells:show}th,td {border:1px solid #009;padding:.25em .5em}th {vertical-align:bottom}td {vertical-align:top}table a {font-weight:bold}.stripe td {background-color: #E6EBF9}.num {text-align:right}.passedodd td {background-color: #3F3}.passedeven td {background-color: #0A0}.skippedodd td {background-color: #DDD}.skippedeven td {background-color: #CCC}.failedodd td,.attn {background-color: #F33}.failedeven td,.stripe .attn {background-color: #D00}.stacktrace {white-space:pre;font-family:monospace}.totop {font-size:85%;text-align:center;border-bottom:2px solid #000}.invisible {display:none}</style>
</head>
<body>
<table>
<tr><th>Test</th><th># Passed</th><th># Skipped</th><th># Retried</th><th># Failed</th><th>Time (ms)</th><th>Included Groups</th><th>Excluded Groups</th></tr>
<tr><th colspan="8">orangeHRM Test suit</th></tr>
<tr><td><a href="#t0">Admin Login TestCase with valid Data</a></td><td class="num">0</td><td class="num attn">1</td><td class="num">0</td><td class="num">0</td><td class="num">175</td><td></td><td></td></tr>
<tr class="stripe"><td><a href="#t1">Admin Login Testcase With Invalid Data</a></td><td class="num">0</td><td class="num attn">1</td><td class="num">0</td><td class="num">0</td><td class="num">22</td><td></td><td></td></tr>
<tr><td><a href="#t2">Employee Resgistration Test Case with valid Data</a></td><td class="num">0</td><td class="num attn">1</td><td class="num">0</td><td class="num">0</td><td class="num">28</td><td></td><td></td></tr>
<tr class="stripe"><td><a href="#t3">User Registration Test Case</a></td><td class="num">0</td><td class="num attn">1</td><td class="num">0</td><td class="num">0</td><td class="num">28</td><td></td><td></td></tr>
<tr><th>Total</th><th class="num">0</th><th class="num attn">4</th><th class="num">0</th><th class="num">0</th><th class="num">253</th><th colspan="2"></th></tr>
</table>
<table id='summary'><thead><tr><th>Class</th><th>Method</th><th>Start</th><th>Time (ms)</th></tr></thead><tbody><tr><th colspan="4">orangeHRM Test suit</th></tr></tbody><tbody id="t0"><tr><th colspan="4">Admin Login TestCase with valid Data &#8212; skipped</th></tr><tr class="skippedeven"><td rowspan="1">OrangeHRM_TestCase.AdminLoginTestWithValidData</td><td><a href="#m0">CheckAdminLogin</a></td><td rowspan="1">1688984103833</td><td rowspan="1">0</td></tr></tbody>
<tbody id="t1"><tr><th colspan="4">Admin Login Testcase With Invalid Data &#8212; skipped</th></tr><tr class="skippedeven"><td rowspan="1">OrangeHRM_TestCase.AdminLoginTestWithInvalidData</td><td><a href="#m1">CheckAdminLogin</a></td><td rowspan="1">1688984104028</td><td rowspan="1">0</td></tr></tbody>
<tbody id="t2"><tr><th colspan="4">Employee Resgistration Test Case with valid Data &#8212; skipped (configuration methods)</th></tr><tr class="skippedeven"><td rowspan="2">OrangeHRM_TestCase.EmployeeRegistrationTest</td><td><a href="#m2">adminLogin</a></td><td rowspan="1">1688984104063</td><td rowspan="1">0</td></tr><tr class="skippedeven"><td><a href="#m3">adminLogout</a></td><td rowspan="1">1688984104084</td><td rowspan="1">0</td></tr><tr><th colspan="4">Employee Resgistration Test Case with valid Data &#8212; skipped</th></tr><tr class="skippedeven"><td rowspan="1">OrangeHRM_TestCase.EmployeeRegistrationTest</td><td><a href="#m4">CheckEmpReg</a></td><td rowspan="1">1688984104068</td><td rowspan="1">0</td></tr></tbody>
<tbody id="t3"><tr><th colspan="4">User Registration Test Case &#8212; failed (configuration methods)</th></tr><tr class="failedeven"><td rowspan="1">OrangeHRM_TestCase.UserRegistrationTest</td><td><a href="#m5">LanchApp</a></td><td rowspan="1">1688984097205</td><td rowspan="1">6452</td></tr><tr><th colspan="4">User Registration Test Case &#8212; skipped (configuration methods)</th></tr><tr class="skippedeven"><td rowspan="3">OrangeHRM_TestCase.UserRegistrationTest</td><td><a href="#m6">CloseApp</a></td><td rowspan="1">1688984104188</td><td rowspan="1">0</td></tr><tr class="skippedeven"><td><a href="#m7">adminLogin</a></td><td rowspan="1">1688984104132</td><td rowspan="1">0</td></tr><tr class="skippedeven"><td><a href="#m8">adminLogout</a></td><td rowspan="1">1688984104152</td><td rowspan="1">0</td></tr><tr><th colspan="4">User Registration Test Case &#8212; skipped</th></tr><tr class="skippedeven"><td rowspan="1">OrangeHRM_TestCase.UserRegistrationTest</td><td><a href="#m9">CheckUserRegistration</a></td><td rowspan="1">1688984104136</td><td rowspan="1">0</td></tr></tbody>
</table>
<h2>Admin Login TestCase with valid Data</h2><h3 id="m0">OrangeHRM_TestCase.AdminLoginTestWithValidData#CheckAdminLogin</h3><table class="result"><tr class="param"><th>Parameter #1</th><th>Parameter #2</th></tr><tr class="param stripe"><td>Admin</td><td>Qedge123!@#</td></tr><tr><th colspan="2">Exception</th></tr><tr><td colspan="2"><div class="stacktrace">org.openqa.selenium.SessionNotCreatedException: session not created
from no such execution context: loader has changed while resolving nodes
  (Session info: chrome=114.0.5735.199)
Build info: version: &apos;3.141.59&apos;, revision: &apos;e82be7d358&apos;, time: &apos;2018-11-14T08:25:53&apos;
System info: host: &apos;DESKTOP-FVL7V1F&apos;, ip: &apos;192.168.0.151&apos;, os.name: &apos;Windows 10&apos;, os.arch: &apos;amd64&apos;, os.version: &apos;10.0&apos;, java.version: &apos;17.0.7&apos;
Driver info: driver.version: ChromeDriver
remote stacktrace: Backtrace:
	GetHandleVerifier [0x00888893+48451]
	(No symbol) [0x0081B8A1]
	(No symbol) [0x00725058]
	(No symbol) [0x007279D6]
	(No symbol) [0x00729631]
	(No symbol) [0x007296D0]
	(No symbol) [0x00771A58]
	(No symbol) [0x0077047C]
	(No symbol) [0x0076A0B6]
	(No symbol) [0x00747E08]
	(No symbol) [0x00748F2D]
	GetHandleVerifier [0x00AE8E3A+2540266]
	GetHandleVerifier [0x00B28959+2801161]
	GetHandleVerifier [0x00B2295C+2776588]
	GetHandleVerifier [0x00912280+612144]
	(No symbol) [0x00824F6C]
	(No symbol) [0x008211D8]
	(No symbol) [0x008212BB]
	(No symbol) [0x00814857]
	BaseThreadInitThunk [0x754F00C9+25]
	RtlGetAppContainerNamedObjectPath [0x77447B4E+286]
	RtlGetAppContainerNamedObjectPath [0x77447B1E+238]

	at org.openqa.selenium.remote.W3CHandshakeResponse.lambda$errorHandler$0(W3CHandshakeResponse.java:62)
	at org.openqa.selenium.remote.HandshakeResponse.lambda$getResponseFunction$0(HandshakeResponse.java:30)
	at org.openqa.selenium.remote.ProtocolHandshake.lambda$createSession$0(ProtocolHandshake.java:126)
	at java.base/java.util.stream.ReferencePipeline$3$1.accept(ReferencePipeline.java:197)
	at java.base/java.util.Spliterators$ArraySpliterator.tryAdvance(Spliterators.java:1002)
	at java.base/java.util.stream.ReferencePipeline.forEachWithCancel(ReferencePipeline.java:129)
	at java.base/java.util.stream.AbstractPipeline.copyIntoWithCancel(AbstractPipeline.java:527)
	at java.base/java.util.stream.AbstractPipeline.copyInto(AbstractPipeline.java:513)
	at java.base/java.util.stream.AbstractPipeline.wrapAndCopyInto(AbstractPipeline.java:499)
	at java.base/java.util.stream.FindOps$FindOp.evaluateSequential(FindOps.java:150)
	at java.base/java.util.stream.AbstractPipeline.evaluate(AbstractPipeline.java:234)
	at java.base/java.util.stream.ReferencePipeline.findFirst(ReferencePipeline.java:647)
	at org.openqa.selenium.remote.ProtocolHandshake.createSession(ProtocolHandshake.java:128)
	at org.openqa.selenium.remote.ProtocolHandshake.createSession(ProtocolHandshake.java:74)
	at org.openqa.selenium.remote.HttpCommandExecutor.execute(HttpCommandExecutor.java:136)
	at org.openqa.selenium.remote.service.DriverCommandExecutor.execute(DriverCommandExecutor.java:83)
	at org.openqa.selenium.remote.RemoteWebDriver.execute(RemoteWebDriver.java:552)
	at org.openqa.selenium.remote.RemoteWebDriver.startSession(RemoteWebDriver.java:213)
	at org.openqa.selenium.remote.RemoteWebDriver.&lt;init&gt;(RemoteWebDriver.java:131)
	at org.openqa.selenium.chrome.ChromeDriver.&lt;init&gt;(ChromeDriver.java:181)
	at org.openqa.selenium.chrome.ChromeDriver.&lt;init&gt;(ChromeDriver.java:168)
	at org.openqa.selenium.chrome.ChromeDriver.&lt;init&gt;(ChromeDriver.java:123)
	at AppUtils.UtilsDemo.LanchApp(UtilsDemo.java:23)
... Removed 24 stack frames</div></td></tr></table><p class="totop"><a href="#summary">back to summary</a></p>
<h2>Admin Login Testcase With Invalid Data</h2><h3 id="m1">OrangeHRM_TestCase.AdminLoginTestWithInvalidData#CheckAdminLogin</h3><table class="result"><tr class="param"><th>Parameter #1</th><th>Parameter #2</th></tr><tr class="param stripe"><td>abc</td><td>xyz</td></tr><tr><th colspan="2">Exception</th></tr><tr><td colspan="2"><div class="stacktrace">org.openqa.selenium.SessionNotCreatedException: session not created
from no such execution context: loader has changed while resolving nodes
  (Session info: chrome=114.0.5735.199)
Build info: version: &apos;3.141.59&apos;, revision: &apos;e82be7d358&apos;, time: &apos;2018-11-14T08:25:53&apos;
System info: host: &apos;DESKTOP-FVL7V1F&apos;, ip: &apos;192.168.0.151&apos;, os.name: &apos;Windows 10&apos;, os.arch: &apos;amd64&apos;, os.version: &apos;10.0&apos;, java.version: &apos;17.0.7&apos;
Driver info: driver.version: ChromeDriver
remote stacktrace: Backtrace:
	GetHandleVerifier [0x00888893+48451]
	(No symbol) [0x0081B8A1]
	(No symbol) [0x00725058]
	(No symbol) [0x007279D6]
	(No symbol) [0x00729631]
	(No symbol) [0x007296D0]
	(No symbol) [0x00771A58]
	(No symbol) [0x0077047C]
	(No symbol) [0x0076A0B6]
	(No symbol) [0x00747E08]
	(No symbol) [0x00748F2D]
	GetHandleVerifier [0x00AE8E3A+2540266]
	GetHandleVerifier [0x00B28959+2801161]
	GetHandleVerifier [0x00B2295C+2776588]
	GetHandleVerifier [0x00912280+612144]
	(No symbol) [0x00824F6C]
	(No symbol) [0x008211D8]
	(No symbol) [0x008212BB]
	(No symbol) [0x00814857]
	BaseThreadInitThunk [0x754F00C9+25]
	RtlGetAppContainerNamedObjectPath [0x77447B4E+286]
	RtlGetAppContainerNamedObjectPath [0x77447B1E+238]

	at org.openqa.selenium.remote.W3CHandshakeResponse.lambda$errorHandler$0(W3CHandshakeResponse.java:62)
	at org.openqa.selenium.remote.HandshakeResponse.lambda$getResponseFunction$0(HandshakeResponse.java:30)
	at org.openqa.selenium.remote.ProtocolHandshake.lambda$createSession$0(ProtocolHandshake.java:126)
	at java.base/java.util.stream.ReferencePipeline$3$1.accept(ReferencePipeline.java:197)
	at java.base/java.util.Spliterators$ArraySpliterator.tryAdvance(Spliterators.java:1002)
	at java.base/java.util.stream.ReferencePipeline.forEachWithCancel(ReferencePipeline.java:129)
	at java.base/java.util.stream.AbstractPipeline.copyIntoWithCancel(AbstractPipeline.java:527)
	at java.base/java.util.stream.AbstractPipeline.copyInto(AbstractPipeline.java:513)
	at java.base/java.util.stream.AbstractPipeline.wrapAndCopyInto(AbstractPipeline.java:499)
	at java.base/java.util.stream.FindOps$FindOp.evaluateSequential(FindOps.java:150)
	at java.base/java.util.stream.AbstractPipeline.evaluate(AbstractPipeline.java:234)
	at java.base/java.util.stream.ReferencePipeline.findFirst(ReferencePipeline.java:647)
	at org.openqa.selenium.remote.ProtocolHandshake.createSession(ProtocolHandshake.java:128)
	at org.openqa.selenium.remote.ProtocolHandshake.createSession(ProtocolHandshake.java:74)
	at org.openqa.selenium.remote.HttpCommandExecutor.execute(HttpCommandExecutor.java:136)
	at org.openqa.selenium.remote.service.DriverCommandExecutor.execute(DriverCommandExecutor.java:83)
	at org.openqa.selenium.remote.RemoteWebDriver.execute(RemoteWebDriver.java:552)
	at org.openqa.selenium.remote.RemoteWebDriver.startSession(RemoteWebDriver.java:213)
	at org.openqa.selenium.remote.RemoteWebDriver.&lt;init&gt;(RemoteWebDriver.java:131)
	at org.openqa.selenium.chrome.ChromeDriver.&lt;init&gt;(ChromeDriver.java:181)
	at org.openqa.selenium.chrome.ChromeDriver.&lt;init&gt;(ChromeDriver.java:168)
	at org.openqa.selenium.chrome.ChromeDriver.&lt;init&gt;(ChromeDriver.java:123)
	at AppUtils.UtilsDemo.LanchApp(UtilsDemo.java:23)
... Removed 24 stack frames</div></td></tr></table><p class="totop"><a href="#summary">back to summary</a></p>
<h2>Employee Resgistration Test Case with valid Data</h2><h3 id="m2">OrangeHRM_TestCase.EmployeeRegistrationTest#adminLogin</h3><table class="result"><tr><th class="invisible"/></tr></table><p class="totop"><a href="#summary">back to summary</a></p>
<h3 id="m3">OrangeHRM_TestCase.EmployeeRegistrationTest#adminLogout</h3><table class="result"><tr><th class="invisible"/></tr></table><p class="totop"><a href="#summary">back to summary</a></p>
<h3 id="m4">OrangeHRM_TestCase.EmployeeRegistrationTest#CheckEmpReg</h3><table class="result"><tr class="param"><th>Parameter #1</th><th>Parameter #2</th></tr><tr class="param stripe"><td>Hemanth</td><td>Demo</td></tr></table><p class="totop"><a href="#summary">back to summary</a></p>
<h2>User Registration Test Case</h2><h3 id="m5">OrangeHRM_TestCase.UserRegistrationTest#LanchApp</h3><table class="result"><tr><th>Exception</th></tr><tr><td><div class="stacktrace">org.openqa.selenium.SessionNotCreatedException: session not created
from no such execution context: loader has changed while resolving nodes
  (Session info: chrome=114.0.5735.199)
Build info: version: &apos;3.141.59&apos;, revision: &apos;e82be7d358&apos;, time: &apos;2018-11-14T08:25:53&apos;
System info: host: &apos;DESKTOP-FVL7V1F&apos;, ip: &apos;192.168.0.151&apos;, os.name: &apos;Windows 10&apos;, os.arch: &apos;amd64&apos;, os.version: &apos;10.0&apos;, java.version: &apos;17.0.7&apos;
Driver info: driver.version: ChromeDriver
remote stacktrace: Backtrace:
	GetHandleVerifier [0x00888893+48451]
	(No symbol) [0x0081B8A1]
	(No symbol) [0x00725058]
	(No symbol) [0x007279D6]
	(No symbol) [0x00729631]
	(No symbol) [0x007296D0]
	(No symbol) [0x00771A58]
	(No symbol) [0x0077047C]
	(No symbol) [0x0076A0B6]
	(No symbol) [0x00747E08]
	(No symbol) [0x00748F2D]
	GetHandleVerifier [0x00AE8E3A+2540266]
	GetHandleVerifier [0x00B28959+2801161]
	GetHandleVerifier [0x00B2295C+2776588]
	GetHandleVerifier [0x00912280+612144]
	(No symbol) [0x00824F6C]
	(No symbol) [0x008211D8]
	(No symbol) [0x008212BB]
	(No symbol) [0x00814857]
	BaseThreadInitThunk [0x754F00C9+25]
	RtlGetAppContainerNamedObjectPath [0x77447B4E+286]
	RtlGetAppContainerNamedObjectPath [0x77447B1E+238]

	at org.openqa.selenium.remote.W3CHandshakeResponse.lambda$errorHandler$0(W3CHandshakeResponse.java:62)
	at org.openqa.selenium.remote.HandshakeResponse.lambda$getResponseFunction$0(HandshakeResponse.java:30)
	at org.openqa.selenium.remote.ProtocolHandshake.lambda$createSession$0(ProtocolHandshake.java:126)
	at java.base/java.util.stream.ReferencePipeline$3$1.accept(ReferencePipeline.java:197)
	at java.base/java.util.Spliterators$ArraySpliterator.tryAdvance(Spliterators.java:1002)
	at java.base/java.util.stream.ReferencePipeline.forEachWithCancel(ReferencePipeline.java:129)
	at java.base/java.util.stream.AbstractPipeline.copyIntoWithCancel(AbstractPipeline.java:527)
	at java.base/java.util.stream.AbstractPipeline.copyInto(AbstractPipeline.java:513)
	at java.base/java.util.stream.AbstractPipeline.wrapAndCopyInto(AbstractPipeline.java:499)
	at java.base/java.util.stream.FindOps$FindOp.evaluateSequential(FindOps.java:150)
	at java.base/java.util.stream.AbstractPipeline.evaluate(AbstractPipeline.java:234)
	at java.base/java.util.stream.ReferencePipeline.findFirst(ReferencePipeline.java:647)
	at org.openqa.selenium.remote.ProtocolHandshake.createSession(ProtocolHandshake.java:128)
	at org.openqa.selenium.remote.ProtocolHandshake.createSession(ProtocolHandshake.java:74)
	at org.openqa.selenium.remote.HttpCommandExecutor.execute(HttpCommandExecutor.java:136)
	at org.openqa.selenium.remote.service.DriverCommandExecutor.execute(DriverCommandExecutor.java:83)
	at org.openqa.selenium.remote.RemoteWebDriver.execute(RemoteWebDriver.java:552)
	at org.openqa.selenium.remote.RemoteWebDriver.startSession(RemoteWebDriver.java:213)
	at org.openqa.selenium.remote.RemoteWebDriver.&lt;init&gt;(RemoteWebDriver.java:131)
	at org.openqa.selenium.chrome.ChromeDriver.&lt;init&gt;(ChromeDriver.java:181)
	at org.openqa.selenium.chrome.ChromeDriver.&lt;init&gt;(ChromeDriver.java:168)
	at org.openqa.selenium.chrome.ChromeDriver.&lt;init&gt;(ChromeDriver.java:123)
	at AppUtils.UtilsDemo.LanchApp(UtilsDemo.java:23)
... Removed 24 stack frames</div></td></tr></table><p class="totop"><a href="#summary">back to summary</a></p>
<h3 id="m6">OrangeHRM_TestCase.UserRegistrationTest#CloseApp</h3><table class="result"><tr><th class="invisible"/></tr></table><p class="totop"><a href="#summary">back to summary</a></p>
<h3 id="m7">OrangeHRM_TestCase.UserRegistrationTest#adminLogin</h3><table class="result"><tr><th class="invisible"/></tr></table><p class="totop"><a href="#summary">back to summary</a></p>
<h3 id="m8">OrangeHRM_TestCase.UserRegistrationTest#adminLogout</h3><table class="result"><tr><th class="invisible"/></tr></table><p class="totop"><a href="#summary">back to summary</a></p>
<h3 id="m9">OrangeHRM_TestCase.UserRegistrationTest#CheckUserRegistration</h3><table class="result"><tr class="param"><th>Parameter #1</th><th>Parameter #2</th><th>Parameter #3</th><th>Parameter #4</th></tr><tr class="param stripe"><td>ESS</td><td>sanjay J</td><td>sanjughlk12345</td><td>SanjuRaw@123456</td></tr><tr><th colspan="4">Exception</th></tr><tr><td colspan="4"><div class="stacktrace">org.openqa.selenium.SessionNotCreatedException: session not created
from no such execution context: loader has changed while resolving nodes
  (Session info: chrome=114.0.5735.199)
Build info: version: &apos;3.141.59&apos;, revision: &apos;e82be7d358&apos;, time: &apos;2018-11-14T08:25:53&apos;
System info: host: &apos;DESKTOP-FVL7V1F&apos;, ip: &apos;192.168.0.151&apos;, os.name: &apos;Windows 10&apos;, os.arch: &apos;amd64&apos;, os.version: &apos;10.0&apos;, java.version: &apos;17.0.7&apos;
Driver info: driver.version: ChromeDriver
remote stacktrace: Backtrace:
	GetHandleVerifier [0x00888893+48451]
	(No symbol) [0x0081B8A1]
	(No symbol) [0x00725058]
	(No symbol) [0x007279D6]
	(No symbol) [0x00729631]
	(No symbol) [0x007296D0]
	(No symbol) [0x00771A58]
	(No symbol) [0x0077047C]
	(No symbol) [0x0076A0B6]
	(No symbol) [0x00747E08]
	(No symbol) [0x00748F2D]
	GetHandleVerifier [0x00AE8E3A+2540266]
	GetHandleVerifier [0x00B28959+2801161]
	GetHandleVerifier [0x00B2295C+2776588]
	GetHandleVerifier [0x00912280+612144]
	(No symbol) [0x00824F6C]
	(No symbol) [0x008211D8]
	(No symbol) [0x008212BB]
	(No symbol) [0x00814857]
	BaseThreadInitThunk [0x754F00C9+25]
	RtlGetAppContainerNamedObjectPath [0x77447B4E+286]
	RtlGetAppContainerNamedObjectPath [0x77447B1E+238]

	at org.openqa.selenium.remote.W3CHandshakeResponse.lambda$errorHandler$0(W3CHandshakeResponse.java:62)
	at org.openqa.selenium.remote.HandshakeResponse.lambda$getResponseFunction$0(HandshakeResponse.java:30)
	at org.openqa.selenium.remote.ProtocolHandshake.lambda$createSession$0(ProtocolHandshake.java:126)
	at java.base/java.util.stream.ReferencePipeline$3$1.accept(ReferencePipeline.java:197)
	at java.base/java.util.Spliterators$ArraySpliterator.tryAdvance(Spliterators.java:1002)
	at java.base/java.util.stream.ReferencePipeline.forEachWithCancel(ReferencePipeline.java:129)
	at java.base/java.util.stream.AbstractPipeline.copyIntoWithCancel(AbstractPipeline.java:527)
	at java.base/java.util.stream.AbstractPipeline.copyInto(AbstractPipeline.java:513)
	at java.base/java.util.stream.AbstractPipeline.wrapAndCopyInto(AbstractPipeline.java:499)
	at java.base/java.util.stream.FindOps$FindOp.evaluateSequential(FindOps.java:150)
	at java.base/java.util.stream.AbstractPipeline.evaluate(AbstractPipeline.java:234)
	at java.base/java.util.stream.ReferencePipeline.findFirst(ReferencePipeline.java:647)
	at org.openqa.selenium.remote.ProtocolHandshake.createSession(ProtocolHandshake.java:128)
	at org.openqa.selenium.remote.ProtocolHandshake.createSession(ProtocolHandshake.java:74)
	at org.openqa.selenium.remote.HttpCommandExecutor.execute(HttpCommandExecutor.java:136)
	at org.openqa.selenium.remote.service.DriverCommandExecutor.execute(DriverCommandExecutor.java:83)
	at org.openqa.selenium.remote.RemoteWebDriver.execute(RemoteWebDriver.java:552)
	at org.openqa.selenium.remote.RemoteWebDriver.startSession(RemoteWebDriver.java:213)
	at org.openqa.selenium.remote.RemoteWebDriver.&lt;init&gt;(RemoteWebDriver.java:131)
	at org.openqa.selenium.chrome.ChromeDriver.&lt;init&gt;(ChromeDriver.java:181)
	at org.openqa.selenium.chrome.ChromeDriver.&lt;init&gt;(ChromeDriver.java:168)
	at org.openqa.selenium.chrome.ChromeDriver.&lt;init&gt;(ChromeDriver.java:123)
	at AppUtils.UtilsDemo.LanchApp(UtilsDemo.java:23)
... Removed 24 stack frames</div></td></tr></table><p class="totop"><a href="#summary">back to summary</a></p>
</body>
</html>
