<?xml version="1.0" encoding="UTF-8"?>
<testng-results ignored="0" total="4" passed="0" failed="0" skipped="4">
  <reporter-output>
  </reporter-output>
  <suite started-at="2023-07-10T15:45:03 IST" name="orangeHRM Test suit" finished-at="2023-07-10T15:45:04 IST" duration-ms="481">
    <groups>
    </groups>
    <test started-at="2023-07-10T15:45:03 IST" name="Admin Login TestCase with valid Data" finished-at="2023-07-10T15:45:03 IST" duration-ms="175">
      <class name="OrangeHRM_TestCase.AdminLoginTestWithValidData">
        <test-method signature="CheckAdminLogin(java.lang.String,java.lang.String)[pri:0, instance:OrangeHRM_TestCase.AdminLoginTestWithValidData@2c35e847]" started-at="2023-07-10T15:45:03 IST" name="CheckAdminLogin" finished-at="2023-07-10T15:45:03 IST" duration-ms="0" status="SKIP">
          <params>
            <param index="0">
              <value>
                <![CDATA[Admin]]>
              </value>
            </param>
            <param index="1">
              <value>
                <![CDATA[Qedge123!@#]]>
              </value>
            </param>
          </params>
          <exception class="org.openqa.selenium.SessionNotCreatedException">
            <message>
              <![CDATA[session not created
from no such execution context: loader has changed while resolving nodes
  (Session info: chrome=114.0.5735.199)
Build info: version: '3.141.59', revision: 'e82be7d358', time: '2018-11-14T08:25:53'
System info: host: 'DESKTOP-FVL7V1F', ip: '192.168.0.151', os.name: 'Windows 10', os.arch: 'amd64', os.version: '10.0', java.version: '17.0.7'
Driver info: driver.version: ChromeDriver
remote stacktrace: Backtrace:
GetHandleVerifier [0x00888893+48451]
(No symbol) [0x0081B8A1]
(No symbol) [0x00725058]
(No symbol) [0x007279D6]
(No symbol) [0x00729631]
(No symbol) [0x007296D0]
(No symbol) [0x00771A58]
(No symbol) [0x0077047C]
(No symbol) [0x0076A0B6]
(No symbol) [0x00747E08]
(No symbol) [0x00748F2D]
GetHandleVerifier [0x00AE8E3A+2540266]
GetHandleVerifier [0x00B28959+2801161]
GetHandleVerifier [0x00B2295C+2776588]
GetHandleVerifier [0x00912280+612144]
(No symbol) [0x00824F6C]
(No symbol) [0x008211D8]
(No symbol) [0x008212BB]
(No symbol) [0x00814857]
BaseThreadInitThunk [0x754F00C9+25]
RtlGetAppContainerNamedObjectPath [0x77447B4E+286]
RtlGetAppContainerNamedObjectPath [0x77447B1E+238]
]]>
            </message>
            <full-stacktrace>
              <![CDATA[org.openqa.selenium.SessionNotCreatedException: session not created
from no such execution context: loader has changed while resolving nodes
  (Session info: chrome=114.0.5735.199)
Build info: version: '3.141.59', revision: 'e82be7d358', time: '2018-11-14T08:25:53'
System info: host: 'DESKTOP-FVL7V1F', ip: '192.168.0.151', os.name: 'Windows 10', os.arch: 'amd64', os.version: '10.0', java.version: '17.0.7'
Driver info: driver.version: ChromeDriver
remote stacktrace: Backtrace:
GetHandleVerifier [0x00888893+48451]
(No symbol) [0x0081B8A1]
(No symbol) [0x00725058]
(No symbol) [0x007279D6]
(No symbol) [0x00729631]
(No symbol) [0x007296D0]
(No symbol) [0x00771A58]
(No symbol) [0x0077047C]
(No symbol) [0x0076A0B6]
(No symbol) [0x00747E08]
(No symbol) [0x00748F2D]
GetHandleVerifier [0x00AE8E3A+2540266]
GetHandleVerifier [0x00B28959+2801161]
GetHandleVerifier [0x00B2295C+2776588]
GetHandleVerifier [0x00912280+612144]
(No symbol) [0x00824F6C]
(No symbol) [0x008211D8]
(No symbol) [0x008212BB]
(No symbol) [0x00814857]
BaseThreadInitThunk [0x754F00C9+25]
RtlGetAppContainerNamedObjectPath [0x77447B4E+286]
RtlGetAppContainerNamedObjectPath [0x77447B1E+238]

at java.base/jdk.internal.reflect.NativeConstructorAccessorImpl.newInstance0(Native Method)
at java.base/jdk.internal.reflect.NativeConstructorAccessorImpl.newInstance(NativeConstructorAccessorImpl.java:77)
at java.base/jdk.internal.reflect.DelegatingConstructorAccessorImpl.newInstance(DelegatingConstructorAccessorImpl.java:45)
at java.base/java.lang.reflect.Constructor.newInstanceWithCaller(Constructor.java:499)
at java.base/java.lang.reflect.Constructor.newInstance(Constructor.java:480)
at org.openqa.selenium.remote.W3CHandshakeResponse.lambda$errorHandler$0(W3CHandshakeResponse.java:62)
at org.openqa.selenium.remote.HandshakeResponse.lambda$getResponseFunction$0(HandshakeResponse.java:30)
at org.openqa.selenium.remote.ProtocolHandshake.lambda$createSession$0(ProtocolHandshake.java:126)
at java.base/java.util.stream.ReferencePipeline$3$1.accept(ReferencePipeline.java:197)
at java.base/java.util.Spliterators$ArraySpliterator.tryAdvance(Spliterators.java:1002)
at java.base/java.util.stream.ReferencePipeline.forEachWithCancel(ReferencePipeline.java:129)
at java.base/java.util.stream.AbstractPipeline.copyIntoWithCancel(AbstractPipeline.java:527)
at java.base/java.util.stream.AbstractPipeline.copyInto(AbstractPipeline.java:513)
at java.base/java.util.stream.AbstractPipeline.wrapAndCopyInto(AbstractPipeline.java:499)
at java.base/java.util.stream.FindOps$FindOp.evaluateSequential(FindOps.java:150)
at java.base/java.util.stream.AbstractPipeline.evaluate(AbstractPipeline.java:234)
at java.base/java.util.stream.ReferencePipeline.findFirst(ReferencePipeline.java:647)
at org.openqa.selenium.remote.ProtocolHandshake.createSession(ProtocolHandshake.java:128)
at org.openqa.selenium.remote.ProtocolHandshake.createSession(ProtocolHandshake.java:74)
at org.openqa.selenium.remote.HttpCommandExecutor.execute(HttpCommandExecutor.java:136)
at org.openqa.selenium.remote.service.DriverCommandExecutor.execute(DriverCommandExecutor.java:83)
at org.openqa.selenium.remote.RemoteWebDriver.execute(RemoteWebDriver.java:552)
at org.openqa.selenium.remote.RemoteWebDriver.startSession(RemoteWebDriver.java:213)
at org.openqa.selenium.remote.RemoteWebDriver.<init>(RemoteWebDriver.java:131)
at org.openqa.selenium.chrome.ChromeDriver.<init>(ChromeDriver.java:181)
at org.openqa.selenium.chrome.ChromeDriver.<init>(ChromeDriver.java:168)
at org.openqa.selenium.chrome.ChromeDriver.<init>(ChromeDriver.java:123)
at AppUtils.UtilsDemo.LanchApp(UtilsDemo.java:23)
at java.base/jdk.internal.reflect.NativeMethodAccessorImpl.invoke0(Native Method)
at java.base/jdk.internal.reflect.NativeMethodAccessorImpl.invoke(NativeMethodAccessorImpl.java:77)
at java.base/jdk.internal.reflect.DelegatingMethodAccessorImpl.invoke(DelegatingMethodAccessorImpl.java:43)
at java.base/java.lang.reflect.Method.invoke(Method.java:568)
at org.testng.internal.invokers.MethodInvocationHelper.invokeMethod(MethodInvocationHelper.java:139)
at org.testng.internal.invokers.MethodInvocationHelper.invokeMethodConsideringTimeout(MethodInvocationHelper.java:69)
at org.testng.internal.invokers.ConfigInvoker.invokeConfigurationMethod(ConfigInvoker.java:390)
at org.testng.internal.invokers.ConfigInvoker.invokeConfigurations(ConfigInvoker.java:325)
at org.testng.SuiteRunner.privateRun(SuiteRunner.java:382)
at org.testng.SuiteRunner.run(SuiteRunner.java:336)
at org.testng.SuiteRunnerWorker.runSuite(SuiteRunnerWorker.java:52)
at org.testng.SuiteRunnerWorker.run(SuiteRunnerWorker.java:95)
at org.testng.TestNG.runSuitesSequentially(TestNG.java:1280)
at org.testng.TestNG.runSuitesLocally(TestNG.java:1200)
at org.testng.TestNG.runSuites(TestNG.java:1114)
at org.testng.TestNG.run(TestNG.java:1082)
at org.testng.remote.AbstractRemoteTestNG.run(AbstractRemoteTestNG.java:115)
at org.testng.remote.RemoteTestNG.initAndRun(RemoteTestNG.java:251)
at org.testng.remote.RemoteTestNG.main(RemoteTestNG.java:77)
]]>
            </full-stacktrace>
          </exception> <!-- org.openqa.selenium.SessionNotCreatedException -->
          <reporter-output>
          </reporter-output>
        </test-method> <!-- CheckAdminLogin -->
      </class> <!-- OrangeHRM_TestCase.AdminLoginTestWithValidData -->
    </test> <!-- Admin Login TestCase with valid Data -->
    <test started-at="2023-07-10T15:45:04 IST" name="Admin Login Testcase With Invalid Data" finished-at="2023-07-10T15:45:04 IST" duration-ms="22">
      <class name="OrangeHRM_TestCase.AdminLoginTestWithInvalidData">
        <test-method signature="CheckAdminLogin(java.lang.String,java.lang.String)[pri:0, instance:OrangeHRM_TestCase.AdminLoginTestWithInvalidData@47e2e487]" started-at="2023-07-10T15:45:04 IST" name="CheckAdminLogin" finished-at="2023-07-10T15:45:04 IST" duration-ms="0" status="SKIP">
          <params>
            <param index="0">
              <value>
                <![CDATA[abc]]>
              </value>
            </param>
            <param index="1">
              <value>
                <![CDATA[xyz]]>
              </value>
            </param>
          </params>
          <exception class="org.openqa.selenium.SessionNotCreatedException">
            <message>
              <![CDATA[session not created
from no such execution context: loader has changed while resolving nodes
  (Session info: chrome=114.0.5735.199)
Build info: version: '3.141.59', revision: 'e82be7d358', time: '2018-11-14T08:25:53'
System info: host: 'DESKTOP-FVL7V1F', ip: '192.168.0.151', os.name: 'Windows 10', os.arch: 'amd64', os.version: '10.0', java.version: '17.0.7'
Driver info: driver.version: ChromeDriver
remote stacktrace: Backtrace:
GetHandleVerifier [0x00888893+48451]
(No symbol) [0x0081B8A1]
(No symbol) [0x00725058]
(No symbol) [0x007279D6]
(No symbol) [0x00729631]
(No symbol) [0x007296D0]
(No symbol) [0x00771A58]
(No symbol) [0x0077047C]
(No symbol) [0x0076A0B6]
(No symbol) [0x00747E08]
(No symbol) [0x00748F2D]
GetHandleVerifier [0x00AE8E3A+2540266]
GetHandleVerifier [0x00B28959+2801161]
GetHandleVerifier [0x00B2295C+2776588]
GetHandleVerifier [0x00912280+612144]
(No symbol) [0x00824F6C]
(No symbol) [0x008211D8]
(No symbol) [0x008212BB]
(No symbol) [0x00814857]
BaseThreadInitThunk [0x754F00C9+25]
RtlGetAppContainerNamedObjectPath [0x77447B4E+286]
RtlGetAppContainerNamedObjectPath [0x77447B1E+238]
]]>
            </message>
            <full-stacktrace>
              <![CDATA[org.openqa.selenium.SessionNotCreatedException: session not created
from no such execution context: loader has changed while resolving nodes
  (Session info: chrome=114.0.5735.199)
Build info: version: '3.141.59', revision: 'e82be7d358', time: '2018-11-14T08:25:53'
System info: host: 'DESKTOP-FVL7V1F', ip: '192.168.0.151', os.name: 'Windows 10', os.arch: 'amd64', os.version: '10.0', java.version: '17.0.7'
Driver info: driver.version: ChromeDriver
remote stacktrace: Backtrace:
GetHandleVerifier [0x00888893+48451]
(No symbol) [0x0081B8A1]
(No symbol) [0x00725058]
(No symbol) [0x007279D6]
(No symbol) [0x00729631]
(No symbol) [0x007296D0]
(No symbol) [0x00771A58]
(No symbol) [0x0077047C]
(No symbol) [0x0076A0B6]
(No symbol) [0x00747E08]
(No symbol) [0x00748F2D]
GetHandleVerifier [0x00AE8E3A+2540266]
GetHandleVerifier [0x00B28959+2801161]
GetHandleVerifier [0x00B2295C+2776588]
GetHandleVerifier [0x00912280+612144]
(No symbol) [0x00824F6C]
(No symbol) [0x008211D8]
(No symbol) [0x008212BB]
(No symbol) [0x00814857]
BaseThreadInitThunk [0x754F00C9+25]
RtlGetAppContainerNamedObjectPath [0x77447B4E+286]
RtlGetAppContainerNamedObjectPath [0x77447B1E+238]

at java.base/jdk.internal.reflect.NativeConstructorAccessorImpl.newInstance0(Native Method)
at java.base/jdk.internal.reflect.NativeConstructorAccessorImpl.newInstance(NativeConstructorAccessorImpl.java:77)
at java.base/jdk.internal.reflect.DelegatingConstructorAccessorImpl.newInstance(DelegatingConstructorAccessorImpl.java:45)
at java.base/java.lang.reflect.Constructor.newInstanceWithCaller(Constructor.java:499)
at java.base/java.lang.reflect.Constructor.newInstance(Constructor.java:480)
at org.openqa.selenium.remote.W3CHandshakeResponse.lambda$errorHandler$0(W3CHandshakeResponse.java:62)
at org.openqa.selenium.remote.HandshakeResponse.lambda$getResponseFunction$0(HandshakeResponse.java:30)
at org.openqa.selenium.remote.ProtocolHandshake.lambda$createSession$0(ProtocolHandshake.java:126)
at java.base/java.util.stream.ReferencePipeline$3$1.accept(ReferencePipeline.java:197)
at java.base/java.util.Spliterators$ArraySpliterator.tryAdvance(Spliterators.java:1002)
at java.base/java.util.stream.ReferencePipeline.forEachWithCancel(ReferencePipeline.java:129)
at java.base/java.util.stream.AbstractPipeline.copyIntoWithCancel(AbstractPipeline.java:527)
at java.base/java.util.stream.AbstractPipeline.copyInto(AbstractPipeline.java:513)
at java.base/java.util.stream.AbstractPipeline.wrapAndCopyInto(AbstractPipeline.java:499)
at java.base/java.util.stream.FindOps$FindOp.evaluateSequential(FindOps.java:150)
at java.base/java.util.stream.AbstractPipeline.evaluate(AbstractPipeline.java:234)
at java.base/java.util.stream.ReferencePipeline.findFirst(ReferencePipeline.java:647)
at org.openqa.selenium.remote.ProtocolHandshake.createSession(ProtocolHandshake.java:128)
at org.openqa.selenium.remote.ProtocolHandshake.createSession(ProtocolHandshake.java:74)
at org.openqa.selenium.remote.HttpCommandExecutor.execute(HttpCommandExecutor.java:136)
at org.openqa.selenium.remote.service.DriverCommandExecutor.execute(DriverCommandExecutor.java:83)
at org.openqa.selenium.remote.RemoteWebDriver.execute(RemoteWebDriver.java:552)
at org.openqa.selenium.remote.RemoteWebDriver.startSession(RemoteWebDriver.java:213)
at org.openqa.selenium.remote.RemoteWebDriver.<init>(RemoteWebDriver.java:131)
at org.openqa.selenium.chrome.ChromeDriver.<init>(ChromeDriver.java:181)
at org.openqa.selenium.chrome.ChromeDriver.<init>(ChromeDriver.java:168)
at org.openqa.selenium.chrome.ChromeDriver.<init>(ChromeDriver.java:123)
at AppUtils.UtilsDemo.LanchApp(UtilsDemo.java:23)
at java.base/jdk.internal.reflect.NativeMethodAccessorImpl.invoke0(Native Method)
at java.base/jdk.internal.reflect.NativeMethodAccessorImpl.invoke(NativeMethodAccessorImpl.java:77)
at java.base/jdk.internal.reflect.DelegatingMethodAccessorImpl.invoke(DelegatingMethodAccessorImpl.java:43)
at java.base/java.lang.reflect.Method.invoke(Method.java:568)
at org.testng.internal.invokers.MethodInvocationHelper.invokeMethod(MethodInvocationHelper.java:139)
at org.testng.internal.invokers.MethodInvocationHelper.invokeMethodConsideringTimeout(MethodInvocationHelper.java:69)
at org.testng.internal.invokers.ConfigInvoker.invokeConfigurationMethod(ConfigInvoker.java:390)
at org.testng.internal.invokers.ConfigInvoker.invokeConfigurations(ConfigInvoker.java:325)
at org.testng.SuiteRunner.privateRun(SuiteRunner.java:382)
at org.testng.SuiteRunner.run(SuiteRunner.java:336)
at org.testng.SuiteRunnerWorker.runSuite(SuiteRunnerWorker.java:52)
at org.testng.SuiteRunnerWorker.run(SuiteRunnerWorker.java:95)
at org.testng.TestNG.runSuitesSequentially(TestNG.java:1280)
at org.testng.TestNG.runSuitesLocally(TestNG.java:1200)
at org.testng.TestNG.runSuites(TestNG.java:1114)
at org.testng.TestNG.run(TestNG.java:1082)
at org.testng.remote.AbstractRemoteTestNG.run(AbstractRemoteTestNG.java:115)
at org.testng.remote.RemoteTestNG.initAndRun(RemoteTestNG.java:251)
at org.testng.remote.RemoteTestNG.main(RemoteTestNG.java:77)
]]>
            </full-stacktrace>
          </exception> <!-- org.openqa.selenium.SessionNotCreatedException -->
          <reporter-output>
          </reporter-output>
        </test-method> <!-- CheckAdminLogin -->
      </class> <!-- OrangeHRM_TestCase.AdminLoginTestWithInvalidData -->
    </test> <!-- Admin Login Testcase With Invalid Data -->
    <test started-at="2023-07-10T15:45:04 IST" name="Employee Resgistration Test Case with valid Data" finished-at="2023-07-10T15:45:04 IST" duration-ms="28">
      <class name="OrangeHRM_TestCase.EmployeeRegistrationTest">
        <test-method is-config="true" signature="adminLogin()[pri:0, instance:OrangeHRM_TestCase.EmployeeRegistrationTest@1151e434]" started-at="2023-07-10T15:45:04 IST" name="adminLogin" finished-at="2023-07-10T15:45:04 IST" duration-ms="0" status="SKIP">
          <reporter-output>
          </reporter-output>
        </test-method> <!-- adminLogin -->
        <test-method signature="CheckEmpReg(java.lang.String,java.lang.String)[pri:0, instance:OrangeHRM_TestCase.EmployeeRegistrationTest@1151e434]" started-at="2023-07-10T15:45:04 IST" name="CheckEmpReg" finished-at="2023-07-10T15:45:04 IST" duration-ms="0" status="SKIP">
          <params>
            <param index="0">
              <value>
                <![CDATA[Hemanth]]>
              </value>
            </param>
            <param index="1">
              <value>
                <![CDATA[Demo]]>
              </value>
            </param>
          </params>
          <reporter-output>
          </reporter-output>
        </test-method> <!-- CheckEmpReg -->
        <test-method is-config="true" signature="adminLogout()[pri:0, instance:OrangeHRM_TestCase.EmployeeRegistrationTest@1151e434]" started-at="2023-07-10T15:45:04 IST" name="adminLogout" finished-at="2023-07-10T15:45:04 IST" duration-ms="0" status="SKIP">
          <reporter-output>
          </reporter-output>
        </test-method> <!-- adminLogout -->
      </class> <!-- OrangeHRM_TestCase.EmployeeRegistrationTest -->
    </test> <!-- Employee Resgistration Test Case with valid Data -->
    <test started-at="2023-07-10T15:45:04 IST" name="User Registration Test Case" finished-at="2023-07-10T15:45:04 IST" duration-ms="28">
      <class name="OrangeHRM_TestCase.UserRegistrationTest">
        <test-method is-config="true" signature="LanchApp()[pri:0, instance:OrangeHRM_TestCase.UserRegistrationTest@d9345cd]" started-at="2023-07-10T15:44:57 IST" name="LanchApp" finished-at="2023-07-10T15:45:03 IST" duration-ms="6452" status="FAIL">
          <exception class="org.openqa.selenium.SessionNotCreatedException">
            <message>
              <![CDATA[session not created
from no such execution context: loader has changed while resolving nodes
  (Session info: chrome=114.0.5735.199)
Build info: version: '3.141.59', revision: 'e82be7d358', time: '2018-11-14T08:25:53'
System info: host: 'DESKTOP-FVL7V1F', ip: '192.168.0.151', os.name: 'Windows 10', os.arch: 'amd64', os.version: '10.0', java.version: '17.0.7'
Driver info: driver.version: ChromeDriver
remote stacktrace: Backtrace:
GetHandleVerifier [0x00888893+48451]
(No symbol) [0x0081B8A1]
(No symbol) [0x00725058]
(No symbol) [0x007279D6]
(No symbol) [0x00729631]
(No symbol) [0x007296D0]
(No symbol) [0x00771A58]
(No symbol) [0x0077047C]
(No symbol) [0x0076A0B6]
(No symbol) [0x00747E08]
(No symbol) [0x00748F2D]
GetHandleVerifier [0x00AE8E3A+2540266]
GetHandleVerifier [0x00B28959+2801161]
GetHandleVerifier [0x00B2295C+2776588]
GetHandleVerifier [0x00912280+612144]
(No symbol) [0x00824F6C]
(No symbol) [0x008211D8]
(No symbol) [0x008212BB]
(No symbol) [0x00814857]
BaseThreadInitThunk [0x754F00C9+25]
RtlGetAppContainerNamedObjectPath [0x77447B4E+286]
RtlGetAppContainerNamedObjectPath [0x77447B1E+238]
]]>
            </message>
            <full-stacktrace>
              <![CDATA[org.openqa.selenium.SessionNotCreatedException: session not created
from no such execution context: loader has changed while resolving nodes
  (Session info: chrome=114.0.5735.199)
Build info: version: '3.141.59', revision: 'e82be7d358', time: '2018-11-14T08:25:53'
System info: host: 'DESKTOP-FVL7V1F', ip: '192.168.0.151', os.name: 'Windows 10', os.arch: 'amd64', os.version: '10.0', java.version: '17.0.7'
Driver info: driver.version: ChromeDriver
remote stacktrace: Backtrace:
GetHandleVerifier [0x00888893+48451]
(No symbol) [0x0081B8A1]
(No symbol) [0x00725058]
(No symbol) [0x007279D6]
(No symbol) [0x00729631]
(No symbol) [0x007296D0]
(No symbol) [0x00771A58]
(No symbol) [0x0077047C]
(No symbol) [0x0076A0B6]
(No symbol) [0x00747E08]
(No symbol) [0x00748F2D]
GetHandleVerifier [0x00AE8E3A+2540266]
GetHandleVerifier [0x00B28959+2801161]
GetHandleVerifier [0x00B2295C+2776588]
GetHandleVerifier [0x00912280+612144]
(No symbol) [0x00824F6C]
(No symbol) [0x008211D8]
(No symbol) [0x008212BB]
(No symbol) [0x00814857]
BaseThreadInitThunk [0x754F00C9+25]
RtlGetAppContainerNamedObjectPath [0x77447B4E+286]
RtlGetAppContainerNamedObjectPath [0x77447B1E+238]

at java.base/jdk.internal.reflect.NativeConstructorAccessorImpl.newInstance0(Native Method)
at java.base/jdk.internal.reflect.NativeConstructorAccessorImpl.newInstance(NativeConstructorAccessorImpl.java:77)
at java.base/jdk.internal.reflect.DelegatingConstructorAccessorImpl.newInstance(DelegatingConstructorAccessorImpl.java:45)
at java.base/java.lang.reflect.Constructor.newInstanceWithCaller(Constructor.java:499)
at java.base/java.lang.reflect.Constructor.newInstance(Constructor.java:480)
at org.openqa.selenium.remote.W3CHandshakeResponse.lambda$errorHandler$0(W3CHandshakeResponse.java:62)
at org.openqa.selenium.remote.HandshakeResponse.lambda$getResponseFunction$0(HandshakeResponse.java:30)
at org.openqa.selenium.remote.ProtocolHandshake.lambda$createSession$0(ProtocolHandshake.java:126)
at java.base/java.util.stream.ReferencePipeline$3$1.accept(ReferencePipeline.java:197)
at java.base/java.util.Spliterators$ArraySpliterator.tryAdvance(Spliterators.java:1002)
at java.base/java.util.stream.ReferencePipeline.forEachWithCancel(ReferencePipeline.java:129)
at java.base/java.util.stream.AbstractPipeline.copyIntoWithCancel(AbstractPipeline.java:527)
at java.base/java.util.stream.AbstractPipeline.copyInto(AbstractPipeline.java:513)
at java.base/java.util.stream.AbstractPipeline.wrapAndCopyInto(AbstractPipeline.java:499)
at java.base/java.util.stream.FindOps$FindOp.evaluateSequential(FindOps.java:150)
at java.base/java.util.stream.AbstractPipeline.evaluate(AbstractPipeline.java:234)
at java.base/java.util.stream.ReferencePipeline.findFirst(ReferencePipeline.java:647)
at org.openqa.selenium.remote.ProtocolHandshake.createSession(ProtocolHandshake.java:128)
at org.openqa.selenium.remote.ProtocolHandshake.createSession(ProtocolHandshake.java:74)
at org.openqa.selenium.remote.HttpCommandExecutor.execute(HttpCommandExecutor.java:136)
at org.openqa.selenium.remote.service.DriverCommandExecutor.execute(DriverCommandExecutor.java:83)
at org.openqa.selenium.remote.RemoteWebDriver.execute(RemoteWebDriver.java:552)
at org.openqa.selenium.remote.RemoteWebDriver.startSession(RemoteWebDriver.java:213)
at org.openqa.selenium.remote.RemoteWebDriver.<init>(RemoteWebDriver.java:131)
at org.openqa.selenium.chrome.ChromeDriver.<init>(ChromeDriver.java:181)
at org.openqa.selenium.chrome.ChromeDriver.<init>(ChromeDriver.java:168)
at org.openqa.selenium.chrome.ChromeDriver.<init>(ChromeDriver.java:123)
at AppUtils.UtilsDemo.LanchApp(UtilsDemo.java:23)
at java.base/jdk.internal.reflect.NativeMethodAccessorImpl.invoke0(Native Method)
at java.base/jdk.internal.reflect.NativeMethodAccessorImpl.invoke(NativeMethodAccessorImpl.java:77)
at java.base/jdk.internal.reflect.DelegatingMethodAccessorImpl.invoke(DelegatingMethodAccessorImpl.java:43)
at java.base/java.lang.reflect.Method.invoke(Method.java:568)
at org.testng.internal.invokers.MethodInvocationHelper.invokeMethod(MethodInvocationHelper.java:139)
at org.testng.internal.invokers.MethodInvocationHelper.invokeMethodConsideringTimeout(MethodInvocationHelper.java:69)
at org.testng.internal.invokers.ConfigInvoker.invokeConfigurationMethod(ConfigInvoker.java:390)
at org.testng.internal.invokers.ConfigInvoker.invokeConfigurations(ConfigInvoker.java:325)
at org.testng.SuiteRunner.privateRun(SuiteRunner.java:382)
at org.testng.SuiteRunner.run(SuiteRunner.java:336)
at org.testng.SuiteRunnerWorker.runSuite(SuiteRunnerWorker.java:52)
at org.testng.SuiteRunnerWorker.run(SuiteRunnerWorker.java:95)
at org.testng.TestNG.runSuitesSequentially(TestNG.java:1280)
at org.testng.TestNG.runSuitesLocally(TestNG.java:1200)
at org.testng.TestNG.runSuites(TestNG.java:1114)
at org.testng.TestNG.run(TestNG.java:1082)
at org.testng.remote.AbstractRemoteTestNG.run(AbstractRemoteTestNG.java:115)
at org.testng.remote.RemoteTestNG.initAndRun(RemoteTestNG.java:251)
at org.testng.remote.RemoteTestNG.main(RemoteTestNG.java:77)
]]>
            </full-stacktrace>
          </exception> <!-- org.openqa.selenium.SessionNotCreatedException -->
          <reporter-output>
          </reporter-output>
        </test-method> <!-- LanchApp -->
        <test-method is-config="true" signature="adminLogin()[pri:0, instance:OrangeHRM_TestCase.UserRegistrationTest@d9345cd]" started-at="2023-07-10T15:45:04 IST" name="adminLogin" finished-at="2023-07-10T15:45:04 IST" duration-ms="0" status="SKIP">
          <reporter-output>
          </reporter-output>
        </test-method> <!-- adminLogin -->
        <test-method signature="CheckUserRegistration(java.lang.String,java.lang.String,java.lang.String,java.lang.String)[pri:0, instance:OrangeHRM_TestCase.UserRegistrationTest@d9345cd]" started-at="2023-07-10T15:45:04 IST" name="CheckUserRegistration" finished-at="2023-07-10T15:45:04 IST" duration-ms="0" status="SKIP">
          <params>
            <param index="0">
              <value>
                <![CDATA[ESS]]>
              </value>
            </param>
            <param index="1">
              <value>
                <![CDATA[sanjay J]]>
              </value>
            </param>
            <param index="2">
              <value>
                <![CDATA[sanjughlk12345]]>
              </value>
            </param>
            <param index="3">
              <value>
                <![CDATA[SanjuRaw@123456]]>
              </value>
            </param>
          </params>
          <exception class="org.openqa.selenium.SessionNotCreatedException">
            <message>
              <![CDATA[session not created
from no such execution context: loader has changed while resolving nodes
  (Session info: chrome=114.0.5735.199)
Build info: version: '3.141.59', revision: 'e82be7d358', time: '2018-11-14T08:25:53'
System info: host: 'DESKTOP-FVL7V1F', ip: '192.168.0.151', os.name: 'Windows 10', os.arch: 'amd64', os.version: '10.0', java.version: '17.0.7'
Driver info: driver.version: ChromeDriver
remote stacktrace: Backtrace:
GetHandleVerifier [0x00888893+48451]
(No symbol) [0x0081B8A1]
(No symbol) [0x00725058]
(No symbol) [0x007279D6]
(No symbol) [0x00729631]
(No symbol) [0x007296D0]
(No symbol) [0x00771A58]
(No symbol) [0x0077047C]
(No symbol) [0x0076A0B6]
(No symbol) [0x00747E08]
(No symbol) [0x00748F2D]
GetHandleVerifier [0x00AE8E3A+2540266]
GetHandleVerifier [0x00B28959+2801161]
GetHandleVerifier [0x00B2295C+2776588]
GetHandleVerifier [0x00912280+612144]
(No symbol) [0x00824F6C]
(No symbol) [0x008211D8]
(No symbol) [0x008212BB]
(No symbol) [0x00814857]
BaseThreadInitThunk [0x754F00C9+25]
RtlGetAppContainerNamedObjectPath [0x77447B4E+286]
RtlGetAppContainerNamedObjectPath [0x77447B1E+238]
]]>
            </message>
            <full-stacktrace>
              <![CDATA[org.openqa.selenium.SessionNotCreatedException: session not created
from no such execution context: loader has changed while resolving nodes
  (Session info: chrome=114.0.5735.199)
Build info: version: '3.141.59', revision: 'e82be7d358', time: '2018-11-14T08:25:53'
System info: host: 'DESKTOP-FVL7V1F', ip: '192.168.0.151', os.name: 'Windows 10', os.arch: 'amd64', os.version: '10.0', java.version: '17.0.7'
Driver info: driver.version: ChromeDriver
remote stacktrace: Backtrace:
GetHandleVerifier [0x00888893+48451]
(No symbol) [0x0081B8A1]
(No symbol) [0x00725058]
(No symbol) [0x007279D6]
(No symbol) [0x00729631]
(No symbol) [0x007296D0]
(No symbol) [0x00771A58]
(No symbol) [0x0077047C]
(No symbol) [0x0076A0B6]
(No symbol) [0x00747E08]
(No symbol) [0x00748F2D]
GetHandleVerifier [0x00AE8E3A+2540266]
GetHandleVerifier [0x00B28959+2801161]
GetHandleVerifier [0x00B2295C+2776588]
GetHandleVerifier [0x00912280+612144]
(No symbol) [0x00824F6C]
(No symbol) [0x008211D8]
(No symbol) [0x008212BB]
(No symbol) [0x00814857]
BaseThreadInitThunk [0x754F00C9+25]
RtlGetAppContainerNamedObjectPath [0x77447B4E+286]
RtlGetAppContainerNamedObjectPath [0x77447B1E+238]

at java.base/jdk.internal.reflect.NativeConstructorAccessorImpl.newInstance0(Native Method)
at java.base/jdk.internal.reflect.NativeConstructorAccessorImpl.newInstance(NativeConstructorAccessorImpl.java:77)
at java.base/jdk.internal.reflect.DelegatingConstructorAccessorImpl.newInstance(DelegatingConstructorAccessorImpl.java:45)
at java.base/java.lang.reflect.Constructor.newInstanceWithCaller(Constructor.java:499)
at java.base/java.lang.reflect.Constructor.newInstance(Constructor.java:480)
at org.openqa.selenium.remote.W3CHandshakeResponse.lambda$errorHandler$0(W3CHandshakeResponse.java:62)
at org.openqa.selenium.remote.HandshakeResponse.lambda$getResponseFunction$0(HandshakeResponse.java:30)
at org.openqa.selenium.remote.ProtocolHandshake.lambda$createSession$0(ProtocolHandshake.java:126)
at java.base/java.util.stream.ReferencePipeline$3$1.accept(ReferencePipeline.java:197)
at java.base/java.util.Spliterators$ArraySpliterator.tryAdvance(Spliterators.java:1002)
at java.base/java.util.stream.ReferencePipeline.forEachWithCancel(ReferencePipeline.java:129)
at java.base/java.util.stream.AbstractPipeline.copyIntoWithCancel(AbstractPipeline.java:527)
at java.base/java.util.stream.AbstractPipeline.copyInto(AbstractPipeline.java:513)
at java.base/java.util.stream.AbstractPipeline.wrapAndCopyInto(AbstractPipeline.java:499)
at java.base/java.util.stream.FindOps$FindOp.evaluateSequential(FindOps.java:150)
at java.base/java.util.stream.AbstractPipeline.evaluate(AbstractPipeline.java:234)
at java.base/java.util.stream.ReferencePipeline.findFirst(ReferencePipeline.java:647)
at org.openqa.selenium.remote.ProtocolHandshake.createSession(ProtocolHandshake.java:128)
at org.openqa.selenium.remote.ProtocolHandshake.createSession(ProtocolHandshake.java:74)
at org.openqa.selenium.remote.HttpCommandExecutor.execute(HttpCommandExecutor.java:136)
at org.openqa.selenium.remote.service.DriverCommandExecutor.execute(DriverCommandExecutor.java:83)
at org.openqa.selenium.remote.RemoteWebDriver.execute(RemoteWebDriver.java:552)
at org.openqa.selenium.remote.RemoteWebDriver.startSession(RemoteWebDriver.java:213)
at org.openqa.selenium.remote.RemoteWebDriver.<init>(RemoteWebDriver.java:131)
at org.openqa.selenium.chrome.ChromeDriver.<init>(ChromeDriver.java:181)
at org.openqa.selenium.chrome.ChromeDriver.<init>(ChromeDriver.java:168)
at org.openqa.selenium.chrome.ChromeDriver.<init>(ChromeDriver.java:123)
at AppUtils.UtilsDemo.LanchApp(UtilsDemo.java:23)
at java.base/jdk.internal.reflect.NativeMethodAccessorImpl.invoke0(Native Method)
at java.base/jdk.internal.reflect.NativeMethodAccessorImpl.invoke(NativeMethodAccessorImpl.java:77)
at java.base/jdk.internal.reflect.DelegatingMethodAccessorImpl.invoke(DelegatingMethodAccessorImpl.java:43)
at java.base/java.lang.reflect.Method.invoke(Method.java:568)
at org.testng.internal.invokers.MethodInvocationHelper.invokeMethod(MethodInvocationHelper.java:139)
at org.testng.internal.invokers.MethodInvocationHelper.invokeMethodConsideringTimeout(MethodInvocationHelper.java:69)
at org.testng.internal.invokers.ConfigInvoker.invokeConfigurationMethod(ConfigInvoker.java:390)
at org.testng.internal.invokers.ConfigInvoker.invokeConfigurations(ConfigInvoker.java:325)
at org.testng.SuiteRunner.privateRun(SuiteRunner.java:382)
at org.testng.SuiteRunner.run(SuiteRunner.java:336)
at org.testng.SuiteRunnerWorker.runSuite(SuiteRunnerWorker.java:52)
at org.testng.SuiteRunnerWorker.run(SuiteRunnerWorker.java:95)
at org.testng.TestNG.runSuitesSequentially(TestNG.java:1280)
at org.testng.TestNG.runSuitesLocally(TestNG.java:1200)
at org.testng.TestNG.runSuites(TestNG.java:1114)
at org.testng.TestNG.run(TestNG.java:1082)
at org.testng.remote.AbstractRemoteTestNG.run(AbstractRemoteTestNG.java:115)
at org.testng.remote.RemoteTestNG.initAndRun(RemoteTestNG.java:251)
at org.testng.remote.RemoteTestNG.main(RemoteTestNG.java:77)
]]>
            </full-stacktrace>
          </exception> <!-- org.openqa.selenium.SessionNotCreatedException -->
          <reporter-output>
          </reporter-output>
        </test-method> <!-- CheckUserRegistration -->
        <test-method is-config="true" signature="adminLogout()[pri:0, instance:OrangeHRM_TestCase.UserRegistrationTest@d9345cd]" started-at="2023-07-10T15:45:04 IST" name="adminLogout" finished-at="2023-07-10T15:45:04 IST" duration-ms="0" status="SKIP">
          <reporter-output>
          </reporter-output>
        </test-method> <!-- adminLogout -->
        <test-method is-config="true" signature="CloseApp()[pri:0, instance:OrangeHRM_TestCase.UserRegistrationTest@d9345cd]" started-at="2023-07-10T15:45:04 IST" name="CloseApp" finished-at="2023-07-10T15:45:04 IST" duration-ms="0" status="SKIP">
          <reporter-output>
          </reporter-output>
        </test-method> <!-- CloseApp -->
      </class> <!-- OrangeHRM_TestCase.UserRegistrationTest -->
    </test> <!-- User Registration Test Case -->
  </suite> <!-- orangeHRM Test suit -->
</testng-results>
