<?xml version="1.0" encoding="UTF-8"?>
<!-- Generated by org.testng.reporters.JUnitXMLReporter -->
<testsuite ignored="0" hostname="DESKTOP-FVL7V1F" failures="0" tests="1" name="Employee Resgistration Test Case with valid Data" time="0.028" errors="0" timestamp="2023-07-10T15:45:04 IST">
  <testcase classname="AppUtils.UtilsDemo" name="@BeforeSuite LanchApp" time="6.452">
    <failure type="org.openqa.selenium.SessionNotCreatedException" message="session not created
from no such execution context: loader has changed while resolving nodes
  (Session info: chrome=114.0.5735.199)
Build info: version: &amp;apos;3.141.59&amp;apos;, revision: &amp;apos;e82be7d358&amp;apos;, time: &amp;apos;2018-11-14T08:25:53&amp;apos;
System info: host: &amp;apos;DESKTOP-FVL7V1F&amp;apos;, ip: &amp;apos;192.168.0.151&amp;apos;, os.name: &amp;apos;Windows 10&amp;apos;, os.arch: &amp;apos;amd64&amp;apos;, os.version: &amp;apos;10.0&amp;apos;, java.version: &amp;apos;17.0.7&amp;apos;
Driver info: driver.version: ChromeDriver
remote stacktrace: Backtrace:
	GetHandleVerifier [0x00888893+48451]
	(No symbol) [0x0081B8A1]
	(No symbol) [0x00725058]
	(No symbol) [0x007279D6]
	(No symbol) [0x00729631]
	(No symbol) [0x007296D0]
	(No symbol) [0x00771A58]
	(No symbol) [0x0077047C]
	(No symbol) [0x0076A0B6]
	(No symbol) [0x00747E08]
	(No symbol) [0x00748F2D]
	GetHandleVerifier [0x00AE8E3A+2540266]
	GetHandleVerifier [0x00B28959+2801161]
	GetHandleVerifier [0x00B2295C+2776588]
	GetHandleVerifier [0x00912280+612144]
	(No symbol) [0x00824F6C]
	(No symbol) [0x008211D8]
	(No symbol) [0x008212BB]
	(No symbol) [0x00814857]
	BaseThreadInitThunk [0x754F00C9+25]
	RtlGetAppContainerNamedObjectPath [0x77447B4E+286]
	RtlGetAppContainerNamedObjectPath [0x77447B1E+238]
">
      <![CDATA[org.openqa.selenium.SessionNotCreatedException: session not created
from no such execution context: loader has changed while resolving nodes
  (Session info: chrome=114.0.5735.199)
Build info: version: '3.141.59', revision: 'e82be7d358', time: '2018-11-14T08:25:53'
System info: host: 'DESKTOP-FVL7V1F', ip: '192.168.0.151', os.name: 'Windows 10', os.arch: 'amd64', os.version: '10.0', java.version: '17.0.7'
Driver info: driver.version: ChromeDriver
remote stacktrace: Backtrace:
GetHandleVerifier [0x00888893+48451]
(No symbol) [0x0081B8A1]
(No symbol) [0x00725058]
(No symbol) [0x007279D6]
(No symbol) [0x00729631]
(No symbol) [0x007296D0]
(No symbol) [0x00771A58]
(No symbol) [0x0077047C]
(No symbol) [0x0076A0B6]
(No symbol) [0x00747E08]
(No symbol) [0x00748F2D]
GetHandleVerifier [0x00AE8E3A+2540266]
GetHandleVerifier [0x00B28959+2801161]
GetHandleVerifier [0x00B2295C+2776588]
GetHandleVerifier [0x00912280+612144]
(No symbol) [0x00824F6C]
(No symbol) [0x008211D8]
(No symbol) [0x008212BB]
(No symbol) [0x00814857]
BaseThreadInitThunk [0x754F00C9+25]
RtlGetAppContainerNamedObjectPath [0x77447B4E+286]
RtlGetAppContainerNamedObjectPath [0x77447B1E+238]

at org.openqa.selenium.remote.W3CHandshakeResponse.lambda$errorHandler$0(W3CHandshakeResponse.java:62)
at org.openqa.selenium.remote.HandshakeResponse.lambda$getResponseFunction$0(HandshakeResponse.java:30)
at org.openqa.selenium.remote.ProtocolHandshake.lambda$createSession$0(ProtocolHandshake.java:126)
at java.base/java.util.stream.ReferencePipeline$3$1.accept(ReferencePipeline.java:197)
at java.base/java.util.Spliterators$ArraySpliterator.tryAdvance(Spliterators.java:1002)
at java.base/java.util.stream.ReferencePipeline.forEachWithCancel(ReferencePipeline.java:129)
at java.base/java.util.stream.AbstractPipeline.copyIntoWithCancel(AbstractPipeline.java:527)
at java.base/java.util.stream.AbstractPipeline.copyInto(AbstractPipeline.java:513)
at java.base/java.util.stream.AbstractPipeline.wrapAndCopyInto(AbstractPipeline.java:499)
at java.base/java.util.stream.FindOps$FindOp.evaluateSequential(FindOps.java:150)
at java.base/java.util.stream.AbstractPipeline.evaluate(AbstractPipeline.java:234)
at java.base/java.util.stream.ReferencePipeline.findFirst(ReferencePipeline.java:647)
at org.openqa.selenium.remote.ProtocolHandshake.createSession(ProtocolHandshake.java:128)
at org.openqa.selenium.remote.ProtocolHandshake.createSession(ProtocolHandshake.java:74)
at org.openqa.selenium.remote.HttpCommandExecutor.execute(HttpCommandExecutor.java:136)
at org.openqa.selenium.remote.service.DriverCommandExecutor.execute(DriverCommandExecutor.java:83)
at org.openqa.selenium.remote.RemoteWebDriver.execute(RemoteWebDriver.java:552)
at org.openqa.selenium.remote.RemoteWebDriver.startSession(RemoteWebDriver.java:213)
at org.openqa.selenium.remote.RemoteWebDriver.<init>(RemoteWebDriver.java:131)
at org.openqa.selenium.chrome.ChromeDriver.<init>(ChromeDriver.java:181)
at org.openqa.selenium.chrome.ChromeDriver.<init>(ChromeDriver.java:168)
at org.openqa.selenium.chrome.ChromeDriver.<init>(ChromeDriver.java:123)
at AppUtils.UtilsDemo.LanchApp(UtilsDemo.java:23)
... Removed 24 stack frames]]>
    </failure>
  </testcase> <!-- @BeforeSuite LanchApp -->
  <testcase classname="OrangeHRM_TestCase.EmployeeRegistrationTest" name="CheckEmpReg" time="0.0">
    <skipped/>
  </testcase> <!-- CheckEmpReg -->
</testsuite> <!-- Employee Resgistration Test Case with valid Data -->
